2020-11-17 13:42:42.716 [INFO ] com.ail.location.LocationServiceApplication - Starting LocationServiceApplication on LAPTOP-VGDMLQLD with PID 24312 (D:\workspace\ail-location-service\target\classes started by xinyang in D:\workspace\ail-location-service)
2020-11-17 13:42:42.721 [INFO ] com.ail.location.LocationServiceApplication - The following profiles are active: dev-local
2020-11-17 13:42:44.002 [INFO ] org.springframework.data.repository.config.RepositoryConfigurationDelegate - Multiple Spring Data modules found, entering strict repository configuration mode!
2020-11-17 13:42:44.003 [INFO ] org.springframework.data.repository.config.RepositoryConfigurationDelegate - Bootstrapping Spring Data MongoDB repositories in DEFAULT mode.
2020-11-17 13:42:44.036 [INFO ] org.springframework.data.repository.config.RepositoryConfigurationDelegate - Finished Spring Data repository scanning in 26ms. Found 0 MongoDB repository interfaces.
2020-11-17 13:42:44.343 [INFO ] org.springframework.data.repository.config.RepositoryConfigurationDelegate - Multiple Spring Data modules found, entering strict repository configuration mode!
2020-11-17 13:42:44.344 [INFO ] org.springframework.data.repository.config.RepositoryConfigurationDelegate - Bootstrapping Spring Data Redis repositories in DEFAULT mode.
2020-11-17 13:42:44.376 [INFO ] org.springframework.data.repository.config.RepositoryConfigurationDelegate - Finished Spring Data repository scanning in 21ms. Found 0 Redis repository interfaces.
2020-11-17 13:42:44.737 [INFO ] org.springframework.context.support.PostProcessorRegistrationDelegate$BeanPostProcessorChecker - Bean 'shiroConfig' of type [com.ail.location.commom.shiro.ShiroConfig$$EnhancerBySpringCGLIB$$9e68935f] is not eligible for getting processed by all BeanPostProcessors (for example: not eligible for auto-proxying)
2020-11-17 13:42:44.825 [INFO ] org.springframework.context.support.PostProcessorRegistrationDelegate$BeanPostProcessorChecker - Bean 'jwtProperties' of type [com.ail.location.config.JwtProperties] is not eligible for getting processed by all BeanPostProcessors (for example: not eligible for auto-proxying)
2020-11-17 13:42:44.826 [INFO ] org.springframework.context.support.PostProcessorRegistrationDelegate$BeanPostProcessorChecker - Bean 'JWTUtil' of type [com.ail.location.commom.shiro.JWTUtil] is not eligible for getting processed by all BeanPostProcessors (for example: not eligible for auto-proxying)
2020-11-17 13:42:44.826 [INFO ] org.springframework.context.support.PostProcessorRegistrationDelegate$BeanPostProcessorChecker - Bean 'userRealm' of type [com.ail.location.commom.shiro.UserRealm] is not eligible for getting processed by all BeanPostProcessors (for example: not eligible for auto-proxying)
2020-11-17 13:42:46.269 [INFO ] org.springframework.context.support.PostProcessorRegistrationDelegate$BeanPostProcessorChecker - Bean 'securityManager' of type [org.apache.shiro.web.mgt.DefaultWebSecurityManager] is not eligible for getting processed by all BeanPostProcessors (for example: not eligible for auto-proxying)
2020-11-17 13:42:46.278 [INFO ] org.springframework.context.support.PostProcessorRegistrationDelegate$BeanPostProcessorChecker - Bean 'jwtFilter' of type [com.ail.location.commom.shiro.JWTFilter] is not eligible for getting processed by all BeanPostProcessors (for example: not eligible for auto-proxying)
2020-11-17 13:42:46.337 [INFO ] org.springframework.context.support.PostProcessorRegistrationDelegate$BeanPostProcessorChecker - Bean 'org.springframework.transaction.annotation.ProxyTransactionManagementConfiguration' of type [org.springframework.transaction.annotation.ProxyTransactionManagementConfiguration] is not eligible for getting processed by all BeanPostProcessors (for example: not eligible for auto-proxying)
2020-11-17 13:42:46.351 [INFO ] org.springframework.context.support.PostProcessorRegistrationDelegate$BeanPostProcessorChecker - Bean 'authorizationAttributeSourceAdvisor' of type [org.apache.shiro.spring.security.interceptor.AuthorizationAttributeSourceAdvisor] is not eligible for getting processed by all BeanPostProcessors (for example: not eligible for auto-proxying)
2020-11-17 13:42:46.802 [INFO ] org.springframework.boot.web.embedded.tomcat.TomcatWebServer - Tomcat initialized with port(s): 8080 (http)
2020-11-17 13:42:46.815 [INFO ] org.apache.coyote.http11.Http11NioProtocol - Initializing ProtocolHandler ["http-nio-8080"]
2020-11-17 13:42:46.815 [INFO ] org.apache.catalina.core.StandardService - Starting service [Tomcat]
2020-11-17 13:42:46.816 [INFO ] org.apache.catalina.core.StandardEngine - Starting Servlet engine: [Apache Tomcat/9.0.29]
2020-11-17 13:42:47.086 [INFO ] org.apache.catalina.core.ContainerBase.[Tomcat].[localhost].[/] - Initializing Spring embedded WebApplicationContext
2020-11-17 13:42:47.086 [INFO ] org.springframework.web.context.ContextLoader - Root WebApplicationContext: initialization completed in 4243 ms
2020-11-17 13:42:47.404 [INFO ] com.alibaba.druid.spring.boot.autoconfigure.DruidDataSourceAutoConfigure - Init DruidDataSource
2020-11-17 13:42:47.537 [INFO ] com.alibaba.druid.pool.DruidDataSource - {dataSource-1} inited
2020-11-17 13:42:48.707 [INFO ] org.mongodb.driver.cluster - Cluster created with settings {hosts=[10.10.10.227:27019], mode=SINGLE, requiredClusterType=UNKNOWN, serverSelectionTimeout='30000 ms', maxWaitQueueSize=500}
2020-11-17 13:42:48.808 [INFO ] org.mongodb.driver.connection - Opened connection [connectionId{localValue:1, serverValue:3692}] to 10.10.10.227:27019
2020-11-17 13:42:48.823 [INFO ] org.mongodb.driver.cluster - Monitor thread successfully connected to server with description ServerDescription{address=10.10.10.227:27019, type=STANDALONE, state=CONNECTED, ok=true, version=ServerVersion{versionList=[4, 2, 3]}, minWireVersion=0, maxWireVersion=8, maxDocumentSize=16777216, logicalSessionTimeoutMinutes=30, roundTripTimeNanos=9917700}
2020-11-17 13:42:49.291 [INFO ] org.mongodb.driver.connection - Opened connection [connectionId{localValue:2, serverValue:3693}] to 10.10.10.227:27019
2020-11-17 13:42:50.501 [INFO ] springfox.documentation.spring.web.PropertySourcedRequestMappingHandlerMapping - Mapped URL path [/v2/api-docs] onto method [springfox.documentation.swagger2.web.Swagger2Controller#getDocumentation(String, HttpServletRequest)]
2020-11-17 13:42:50.739 [INFO ] org.springframework.scheduling.concurrent.ThreadPoolTaskExecutor - Initializing ExecutorService 'applicationTaskExecutor'
2020-11-17 13:42:51.215 [INFO ] org.springframework.scheduling.concurrent.ThreadPoolTaskScheduler - Initializing ExecutorService 'taskScheduler'
2020-11-17 13:42:51.404 [INFO ] springfox.documentation.spring.web.plugins.DocumentationPluginsBootstrapper - Context refreshed
2020-11-17 13:42:51.429 [INFO ] springfox.documentation.spring.web.plugins.DocumentationPluginsBootstrapper - Found 1 custom documentation plugin(s)
2020-11-17 13:42:51.478 [INFO ] springfox.documentation.spring.web.scanners.ApiListingReferenceScanner - Scanning for api listing references
2020-11-17 13:42:52.012 [INFO ] springfox.documentation.spring.web.readers.operation.CachingOperationNameGenerator - Generating unique operation named: updateDevicesUsingDELETE_1
2020-11-17 13:42:52.049 [INFO ] springfox.documentation.spring.web.readers.operation.CachingOperationNameGenerator - Generating unique operation named: queryLastUsingPOST_1
2020-11-17 13:42:52.051 [INFO ] springfox.documentation.spring.web.readers.operation.CachingOperationNameGenerator - Generating unique operation named: queryTrailAndMileageUsingPOST_1
2020-11-17 13:42:52.117 [INFO ] org.apache.coyote.http11.Http11NioProtocol - Starting ProtocolHandler ["http-nio-8080"]
2020-11-17 13:42:52.136 [INFO ] org.apache.coyote.http11.Http11NioProtocol - Pausing ProtocolHandler ["http-nio-8080"]
2020-11-17 13:42:52.136 [INFO ] org.apache.catalina.core.StandardService - Stopping service [Tomcat]
2020-11-17 13:42:52.141 [INFO ] org.apache.coyote.http11.Http11NioProtocol - Stopping ProtocolHandler ["http-nio-8080"]
2020-11-17 13:42:52.141 [INFO ] org.apache.coyote.http11.Http11NioProtocol - Destroying ProtocolHandler ["http-nio-8080"]
2020-11-17 13:42:52.145 [INFO ] org.springframework.boot.autoconfigure.logging.ConditionEvaluationReportLoggingListener - 

Error starting ApplicationContext. To display the conditions report re-run your application with 'debug' enabled.
2020-11-17 13:42:52.157 [INFO ] org.springframework.scheduling.concurrent.ThreadPoolTaskScheduler - Shutting down ExecutorService 'taskScheduler'
2020-11-17 13:42:52.158 [INFO ] org.springframework.scheduling.concurrent.ThreadPoolTaskExecutor - Shutting down ExecutorService 'applicationTaskExecutor'
2020-11-17 13:42:52.185 [INFO ] org.mongodb.driver.connection - Closed connection [connectionId{localValue:2, serverValue:3693}] to 10.10.10.227:27019 because the pool has been closed.
2020-11-17 13:42:52.189 [INFO ] com.alibaba.druid.pool.DruidDataSource - {dataSource-1} closing ...
2020-11-17 13:42:52.193 [INFO ] com.alibaba.druid.pool.DruidDataSource - {dataSource-1} closed
2020-11-17 13:43:15.922 [INFO ] com.ail.location.LocationServiceApplication - Starting LocationServiceApplication on LAPTOP-VGDMLQLD with PID 22048 (D:\workspace\ail-location-service\target\classes started by xinyang in D:\workspace\ail-location-service)
2020-11-17 13:43:15.927 [INFO ] com.ail.location.LocationServiceApplication - The following profiles are active: dev-local
2020-11-17 13:43:17.487 [INFO ] org.springframework.data.repository.config.RepositoryConfigurationDelegate - Multiple Spring Data modules found, entering strict repository configuration mode!
2020-11-17 13:43:17.488 [INFO ] org.springframework.data.repository.config.RepositoryConfigurationDelegate - Bootstrapping Spring Data MongoDB repositories in DEFAULT mode.
2020-11-17 13:43:17.528 [INFO ] org.springframework.data.repository.config.RepositoryConfigurationDelegate - Finished Spring Data repository scanning in 33ms. Found 0 MongoDB repository interfaces.
2020-11-17 13:43:17.877 [INFO ] org.springframework.data.repository.config.RepositoryConfigurationDelegate - Multiple Spring Data modules found, entering strict repository configuration mode!
2020-11-17 13:43:17.879 [INFO ] org.springframework.data.repository.config.RepositoryConfigurationDelegate - Bootstrapping Spring Data Redis repositories in DEFAULT mode.
2020-11-17 13:43:17.920 [INFO ] org.springframework.data.repository.config.RepositoryConfigurationDelegate - Finished Spring Data repository scanning in 25ms. Found 0 Redis repository interfaces.
2020-11-17 13:43:18.304 [INFO ] org.springframework.context.support.PostProcessorRegistrationDelegate$BeanPostProcessorChecker - Bean 'shiroConfig' of type [com.ail.location.commom.shiro.ShiroConfig$$EnhancerBySpringCGLIB$$33d3ec13] is not eligible for getting processed by all BeanPostProcessors (for example: not eligible for auto-proxying)
2020-11-17 13:43:18.472 [INFO ] org.springframework.context.support.PostProcessorRegistrationDelegate$BeanPostProcessorChecker - Bean 'jwtProperties' of type [com.ail.location.config.JwtProperties] is not eligible for getting processed by all BeanPostProcessors (for example: not eligible for auto-proxying)
2020-11-17 13:43:18.473 [INFO ] org.springframework.context.support.PostProcessorRegistrationDelegate$BeanPostProcessorChecker - Bean 'JWTUtil' of type [com.ail.location.commom.shiro.JWTUtil] is not eligible for getting processed by all BeanPostProcessors (for example: not eligible for auto-proxying)
2020-11-17 13:43:18.474 [INFO ] org.springframework.context.support.PostProcessorRegistrationDelegate$BeanPostProcessorChecker - Bean 'userRealm' of type [com.ail.location.commom.shiro.UserRealm] is not eligible for getting processed by all BeanPostProcessors (for example: not eligible for auto-proxying)
2020-11-17 13:43:20.057 [INFO ] org.springframework.context.support.PostProcessorRegistrationDelegate$BeanPostProcessorChecker - Bean 'securityManager' of type [org.apache.shiro.web.mgt.DefaultWebSecurityManager] is not eligible for getting processed by all BeanPostProcessors (for example: not eligible for auto-proxying)
2020-11-17 13:43:20.064 [INFO ] org.springframework.context.support.PostProcessorRegistrationDelegate$BeanPostProcessorChecker - Bean 'jwtFilter' of type [com.ail.location.commom.shiro.JWTFilter] is not eligible for getting processed by all BeanPostProcessors (for example: not eligible for auto-proxying)
2020-11-17 13:43:20.119 [INFO ] org.springframework.context.support.PostProcessorRegistrationDelegate$BeanPostProcessorChecker - Bean 'org.springframework.transaction.annotation.ProxyTransactionManagementConfiguration' of type [org.springframework.transaction.annotation.ProxyTransactionManagementConfiguration] is not eligible for getting processed by all BeanPostProcessors (for example: not eligible for auto-proxying)
2020-11-17 13:43:20.131 [INFO ] org.springframework.context.support.PostProcessorRegistrationDelegate$BeanPostProcessorChecker - Bean 'authorizationAttributeSourceAdvisor' of type [org.apache.shiro.spring.security.interceptor.AuthorizationAttributeSourceAdvisor] is not eligible for getting processed by all BeanPostProcessors (for example: not eligible for auto-proxying)
2020-11-17 13:43:20.646 [INFO ] org.springframework.boot.web.embedded.tomcat.TomcatWebServer - Tomcat initialized with port(s): 8087 (http)
2020-11-17 13:43:20.661 [INFO ] org.apache.coyote.http11.Http11NioProtocol - Initializing ProtocolHandler ["http-nio-8087"]
2020-11-17 13:43:20.662 [INFO ] org.apache.catalina.core.StandardService - Starting service [Tomcat]
2020-11-17 13:43:20.662 [INFO ] org.apache.catalina.core.StandardEngine - Starting Servlet engine: [Apache Tomcat/9.0.29]
2020-11-17 13:43:20.931 [INFO ] org.apache.catalina.core.ContainerBase.[Tomcat].[localhost].[/] - Initializing Spring embedded WebApplicationContext
2020-11-17 13:43:20.932 [INFO ] org.springframework.web.context.ContextLoader - Root WebApplicationContext: initialization completed in 4873 ms
2020-11-17 13:43:21.215 [INFO ] com.alibaba.druid.spring.boot.autoconfigure.DruidDataSourceAutoConfigure - Init DruidDataSource
2020-11-17 13:43:21.387 [INFO ] com.alibaba.druid.pool.DruidDataSource - {dataSource-1} inited
2020-11-17 13:43:22.415 [INFO ] org.mongodb.driver.cluster - Cluster created with settings {hosts=[10.10.10.227:27019], mode=SINGLE, requiredClusterType=UNKNOWN, serverSelectionTimeout='30000 ms', maxWaitQueueSize=500}
2020-11-17 13:43:22.519 [INFO ] org.mongodb.driver.connection - Opened connection [connectionId{localValue:1, serverValue:3694}] to 10.10.10.227:27019
2020-11-17 13:43:22.532 [INFO ] org.mongodb.driver.cluster - Monitor thread successfully connected to server with description ServerDescription{address=10.10.10.227:27019, type=STANDALONE, state=CONNECTED, ok=true, version=ServerVersion{versionList=[4, 2, 3]}, minWireVersion=0, maxWireVersion=8, maxDocumentSize=16777216, logicalSessionTimeoutMinutes=30, roundTripTimeNanos=9779100}
2020-11-17 13:43:22.956 [INFO ] org.mongodb.driver.connection - Opened connection [connectionId{localValue:2, serverValue:3695}] to 10.10.10.227:27019
2020-11-17 13:43:24.416 [INFO ] springfox.documentation.spring.web.PropertySourcedRequestMappingHandlerMapping - Mapped URL path [/v2/api-docs] onto method [springfox.documentation.swagger2.web.Swagger2Controller#getDocumentation(String, HttpServletRequest)]
2020-11-17 13:43:24.712 [INFO ] org.springframework.scheduling.concurrent.ThreadPoolTaskExecutor - Initializing ExecutorService 'applicationTaskExecutor'
2020-11-17 13:43:25.188 [INFO ] org.springframework.scheduling.concurrent.ThreadPoolTaskScheduler - Initializing ExecutorService 'taskScheduler'
2020-11-17 13:43:25.379 [INFO ] springfox.documentation.spring.web.plugins.DocumentationPluginsBootstrapper - Context refreshed
2020-11-17 13:43:25.410 [INFO ] springfox.documentation.spring.web.plugins.DocumentationPluginsBootstrapper - Found 1 custom documentation plugin(s)
2020-11-17 13:43:25.466 [INFO ] springfox.documentation.spring.web.scanners.ApiListingReferenceScanner - Scanning for api listing references
2020-11-17 13:43:26.008 [INFO ] springfox.documentation.spring.web.readers.operation.CachingOperationNameGenerator - Generating unique operation named: updateDevicesUsingDELETE_1
2020-11-17 13:43:26.058 [INFO ] springfox.documentation.spring.web.readers.operation.CachingOperationNameGenerator - Generating unique operation named: queryLastUsingPOST_1
2020-11-17 13:43:26.061 [INFO ] springfox.documentation.spring.web.readers.operation.CachingOperationNameGenerator - Generating unique operation named: queryTrailAndMileageUsingPOST_1
2020-11-17 13:43:26.121 [INFO ] org.apache.coyote.http11.Http11NioProtocol - Starting ProtocolHandler ["http-nio-8087"]
2020-11-17 13:43:26.163 [INFO ] org.springframework.boot.web.embedded.tomcat.TomcatWebServer - Tomcat started on port(s): 8087 (http) with context path ''
2020-11-17 13:43:26.166 [INFO ] com.ail.location.LocationServiceApplication - Started LocationServiceApplication in 10.967 seconds (JVM running for 14.576)
2020-11-17 13:47:27.252 [INFO ] org.apache.catalina.core.ContainerBase.[Tomcat].[localhost].[/] - Initializing Spring DispatcherServlet 'dispatcherServlet'
2020-11-17 13:47:27.253 [INFO ] org.springframework.web.servlet.DispatcherServlet - Initializing Servlet 'dispatcherServlet'
2020-11-17 13:47:27.267 [INFO ] org.springframework.web.servlet.DispatcherServlet - Completed initialization in 14 ms
2020-11-17 13:47:28.451 [INFO ] com.ail.location.service.impl.LocationServiceImpl - end:4
2020-11-17 13:51:17.391 [INFO ] org.springframework.scheduling.concurrent.ThreadPoolTaskScheduler - Shutting down ExecutorService 'taskScheduler'
2020-11-17 13:51:17.392 [INFO ] org.springframework.scheduling.concurrent.ThreadPoolTaskExecutor - Shutting down ExecutorService 'applicationTaskExecutor'
2020-11-17 13:51:17.425 [INFO ] org.mongodb.driver.connection - Closed connection [connectionId{localValue:2, serverValue:3695}] to 10.10.10.227:27019 because the pool has been closed.
2020-11-17 13:51:17.429 [INFO ] com.alibaba.druid.pool.DruidDataSource - {dataSource-1} closing ...
2020-11-17 13:51:17.434 [INFO ] com.alibaba.druid.pool.DruidDataSource - {dataSource-1} closed
